c:\users\acesad5\desktop\ga lunar lander - unmanned\debug\vc120.pdb
c:\users\acesad5\desktop\ga lunar lander - unmanned\debug\vc120.idb
c:\users\acesad5\desktop\ga lunar lander - unmanned\debug\c2dmatrix.obj
c:\users\acesad5\desktop\ga lunar lander - unmanned\debug\ccontroller.obj
c:\users\acesad5\desktop\ga lunar lander - unmanned\debug\cgalander.obj
c:\users\acesad5\desktop\ga lunar lander - unmanned\debug\clander.obj
c:\users\acesad5\desktop\ga lunar lander - unmanned\debug\ctimer.obj
c:\users\acesad5\desktop\ga lunar lander - unmanned\debug\main.obj
c:\users\acesad5\desktop\ga lunar lander - unmanned\debug\utils.obj
c:\users\acesad5\desktop\ga lunar lander - unmanned\debug\lunarlander2.ilk
c:\users\acesad5\desktop\ga lunar lander - unmanned\debug\lunarlander2.exe
c:\users\acesad5\desktop\ga lunar lander - unmanned\debug\lunarlander2.pdb
c:\users\acesad5\desktop\ga lunar lander - unmanned\debug\script1.res
c:\users\acesad5\desktop\ga lunar lander - unmanned\.\debug\lunarlander2.exe
c:\users\acesad5\desktop\ga lunar lander - unmanned\debug\lunarlander2.tlog\cl.command.1.tlog
c:\users\acesad5\desktop\ga lunar lander - unmanned\debug\lunarlander2.tlog\cl.read.1.tlog
c:\users\acesad5\desktop\ga lunar lander - unmanned\debug\lunarlander2.tlog\cl.write.1.tlog
c:\users\acesad5\desktop\ga lunar lander - unmanned\debug\lunarlander2.tlog\link.command.1.tlog
c:\users\acesad5\desktop\ga lunar lander - unmanned\debug\lunarlander2.tlog\link.read.1.tlog
c:\users\acesad5\desktop\ga lunar lander - unmanned\debug\lunarlander2.tlog\link.write.1.tlog
c:\users\acesad5\desktop\ga lunar lander - unmanned\debug\lunarlander2.tlog\rc.command.1.tlog
c:\users\acesad5\desktop\ga lunar lander - unmanned\debug\lunarlander2.tlog\rc.read.1.tlog
c:\users\acesad5\desktop\ga lunar lander - unmanned\debug\lunarlander2.tlog\rc.write.1.tlog
